<?xml version="1.0" encoding="UTF-8"?>
<!-- Generated by org.testng.reporters.JUnitReportReporter -->
<testsuite skipped="0" hostname="LAPTOP-BGV2CA0V" name="Sample4.prgm1" tests="1" failures="0" timestamp="2020-01-07T14:58:30 IST" time="14.109" errors="0">
  <testcase name="testprgm1" time="14.109" classname="Sample4.prgm1"/>
</testsuite> <!-- Sample4.prgm1 -->
