<?xml version="1.0" encoding="UTF-8"?>
<!-- Generated by org.testng.reporters.JUnitReportReporter -->
<testsuite skipped="0" hostname="LAPTOP-BGV2CA0V" name="ram.CreateCustomer" tests="1" failures="0" timestamp="2019-12-17T15:17:02 IST" time="15.585" errors="0">
  <testcase name="testLogin" time="15.585" classname="ram.CreateCustomer"/>
</testsuite> <!-- ram.CreateCustomer -->
