<?xml version="1.0" encoding="UTF-8"?>
<!-- Generated by org.testng.reporters.JUnitReportReporter -->
<testsuite skipped="0" hostname="LAPTOP-BGV2CA0V" name="Sample2.TC_01" tests="1" failures="0" timestamp="2020-01-06T17:50:09 IST" time="0.006" errors="0">
  <testcase name="IntegrationTesting" time="0.006" classname="Sample2.TC_01"/>
</testsuite> <!-- Sample2.TC_01 -->
