<?xml version="1.0" encoding="UTF-8"?>
<!-- Generated by org.testng.reporters.JUnitReportReporter -->
<testsuite skipped="0" hostname="LAPTOP-BGV2CA0V" name="ramesh.CreateProject" tests="1" failures="0" timestamp="2020-01-17T12:58:32 IST" time="26.133" errors="0">
  <testcase name="testCreateProject" time="26.133" classname="ramesh.CreateProject"/>
</testsuite> <!-- ramesh.CreateProject -->
