<?xml version="1.0" encoding="UTF-8"?>
<!-- Generated by org.testng.reporters.JUnitReportReporter -->
<testsuite skipped="0" hostname="LAPTOP-BGV2CA0V" name="Sample3.CreateCustomer" tests="1" failures="0" timestamp="2020-01-06T18:16:50 IST" time="29.548" errors="0">
  <testcase name="testCreateCustomer" time="29.548" classname="Sample3.CreateCustomer"/>
</testsuite> <!-- Sample3.CreateCustomer -->
