<?xml version="1.0" encoding="UTF-8"?>
<!-- Generated by org.testng.reporters.JUnitReportReporter -->
<testsuite skipped="0" hostname="LAPTOP-BGV2CA0V" name="ram.LoginTest" tests="1" failures="0" timestamp="2019-12-17T14:52:43 IST" time="11.061" errors="0">
  <testcase name="testLogin" time="11.061" classname="ram.LoginTest"/>
</testsuite> <!-- ram.LoginTest -->
